<?xml version="1.0" encoding="UTF-8"?>
<testsuite xmlns:xsi="http://www.w3.org/2001/XMLSchema-instance" xsi:noNamespaceSchemaLocation="https://maven.apache.org/surefire/maven-surefire-plugin/xsd/surefire-test-report.xsd" name="com.nz.rpc.uid.ZkUidProducerTest" time="126.179" tests="2" errors="0" skipped="0" failures="0">
  <properties>
    <property name="sun.desktop" value="gnome"/>
    <property name="awt.toolkit" value="sun.awt.X11.XToolkit"/>
    <property name="file.encoding.pkg" value="sun.io"/>
    <property name="java.specification.version" value="1.8"/>
    <property name="sun.cpu.isalist" value=""/>
    <property name="sun.jnu.encoding" value="ANSI_X3.4-1968"/>
    <property name="java.class.path" value="/home/lgj/aProject/aRealPrj/nz-rpc/rpc-integration/target/test-classes:/home/lgj/aProject/aRealPrj/nz-rpc/rpc-integration/target/classes:/home/lgj/.m2/repository/org/springframework/boot/spring-boot-starter/2.1.2.RELEASE/spring-boot-starter-2.1.2.RELEASE.jar:/home/lgj/.m2/repository/org/springframework/boot/spring-boot/2.1.2.RELEASE/spring-boot-2.1.2.RELEASE.jar:/home/lgj/.m2/repository/org/springframework/spring-context/5.1.4.RELEASE/spring-context-5.1.4.RELEASE.jar:/home/lgj/.m2/repository/org/springframework/spring-aop/5.1.4.RELEASE/spring-aop-5.1.4.RELEASE.jar:/home/lgj/.m2/repository/org/springframework/spring-beans/5.1.4.RELEASE/spring-beans-5.1.4.RELEASE.jar:/home/lgj/.m2/repository/org/springframework/spring-expression/5.1.4.RELEASE/spring-expression-5.1.4.RELEASE.jar:/home/lgj/.m2/repository/org/springframework/boot/spring-boot-starter-logging/2.1.2.RELEASE/spring-boot-starter-logging-2.1.2.RELEASE.jar:/home/lgj/.m2/repository/ch/qos/logback/logback-classic/1.2.3/logback-classic-1.2.3.jar:/home/lgj/.m2/repository/ch/qos/logback/logback-core/1.2.3/logback-core-1.2.3.jar:/home/lgj/.m2/repository/org/apache/logging/log4j/log4j-to-slf4j/2.11.1/log4j-to-slf4j-2.11.1.jar:/home/lgj/.m2/repository/org/apache/logging/log4j/log4j-api/2.11.1/log4j-api-2.11.1.jar:/home/lgj/.m2/repository/org/slf4j/jul-to-slf4j/1.7.25/jul-to-slf4j-1.7.25.jar:/home/lgj/.m2/repository/org/springframework/spring-core/5.1.4.RELEASE/spring-core-5.1.4.RELEASE.jar:/home/lgj/.m2/repository/org/springframework/spring-jcl/5.1.4.RELEASE/spring-jcl-5.1.4.RELEASE.jar:/home/lgj/.m2/repository/org/yaml/snakeyaml/1.23/snakeyaml-1.23.jar:/home/lgj/.m2/repository/org/springframework/boot/spring-boot-starter-test/2.1.2.RELEASE/spring-boot-starter-test-2.1.2.RELEASE.jar:/home/lgj/.m2/repository/org/springframework/boot/spring-boot-test/2.1.2.RELEASE/spring-boot-test-2.1.2.RELEASE.jar:/home/lgj/.m2/repository/org/springframework/boot/spring-boot-test-autoconfigure/2.1.2.RELEASE/spring-boot-test-autoconfigure-2.1.2.RELEASE.jar:/home/lgj/.m2/repository/com/jayway/jsonpath/json-path/2.4.0/json-path-2.4.0.jar:/home/lgj/.m2/repository/net/minidev/json-smart/2.3/json-smart-2.3.jar:/home/lgj/.m2/repository/net/minidev/accessors-smart/1.2/accessors-smart-1.2.jar:/home/lgj/.m2/repository/org/ow2/asm/asm/5.0.4/asm-5.0.4.jar:/home/lgj/.m2/repository/junit/junit/4.12/junit-4.12.jar:/home/lgj/.m2/repository/org/assertj/assertj-core/3.11.1/assertj-core-3.11.1.jar:/home/lgj/.m2/repository/org/mockito/mockito-core/2.23.4/mockito-core-2.23.4.jar:/home/lgj/.m2/repository/net/bytebuddy/byte-buddy/1.9.7/byte-buddy-1.9.7.jar:/home/lgj/.m2/repository/net/bytebuddy/byte-buddy-agent/1.9.7/byte-buddy-agent-1.9.7.jar:/home/lgj/.m2/repository/org/hamcrest/hamcrest-core/1.3/hamcrest-core-1.3.jar:/home/lgj/.m2/repository/org/hamcrest/hamcrest-library/1.3/hamcrest-library-1.3.jar:/home/lgj/.m2/repository/org/skyscreamer/jsonassert/1.5.0/jsonassert-1.5.0.jar:/home/lgj/.m2/repository/com/vaadin/external/google/android-json/0.0.20131108.vaadin1/android-json-0.0.20131108.vaadin1.jar:/home/lgj/.m2/repository/org/springframework/spring-test/5.1.4.RELEASE/spring-test-5.1.4.RELEASE.jar:/home/lgj/.m2/repository/org/xmlunit/xmlunit-core/2.6.2/xmlunit-core-2.6.2.jar:/home/lgj/.m2/repository/org/springframework/boot/spring-boot-configuration-processor/2.1.2.RELEASE/spring-boot-configuration-processor-2.1.2.RELEASE.jar:/home/lgj/.m2/repository/org/springframework/boot/spring-boot-autoconfigure/2.1.2.RELEASE/spring-boot-autoconfigure-2.1.2.RELEASE.jar:/home/lgj/.m2/repository/io/netty/netty-all/4.1.34.Final/netty-all-4.1.34.Final.jar:/home/lgj/.m2/repository/org/projectlombok/lombok/1.18.4/lombok-1.18.4.jar:/home/lgj/.m2/repository/org/apache/curator/curator-recipes/4.1.0/curator-recipes-4.1.0.jar:/home/lgj/.m2/repository/org/apache/curator/curator-framework/4.1.0/curator-framework-4.1.0.jar:/home/lgj/.m2/repository/org/apache/curator/curator-client/4.1.0/curator-client-4.1.0.jar:/home/lgj/.m2/repository/com/github/sgroschupf/zkclient/0.1/zkclient-0.1.jar:/home/lgj/.m2/repository/log4j/log4j/1.2.14/log4j-1.2.14.jar:/home/lgj/.m2/repository/org/apache/zookeeper/zookeeper/3.4.6/zookeeper-3.4.6.jar:/home/lgj/.m2/repository/org/slf4j/slf4j-api/1.7.25/slf4j-api-1.7.25.jar:/home/lgj/.m2/repository/jline/jline/0.9.94/jline-0.9.94.jar:/home/lgj/.m2/repository/io/netty/netty/3.7.0.Final/netty-3.7.0.Final.jar:/home/lgj/.m2/repository/com/esotericsoftware/kryo-shaded/3.0.3/kryo-shaded-3.0.3.jar:/home/lgj/.m2/repository/com/esotericsoftware/minlog/1.3.0/minlog-1.3.0.jar:/home/lgj/.m2/repository/org/objenesis/objenesis/2.1/objenesis-2.1.jar:/home/lgj/.m2/repository/org/reflections/reflections/0.9.9-RC2/reflections-0.9.9-RC2.jar:/home/lgj/.m2/repository/com/google/guava/guava/15.0/guava-15.0.jar:/home/lgj/.m2/repository/org/javassist/javassist/3.18.2-GA/javassist-3.18.2-GA.jar:/home/lgj/.m2/repository/com/google/code/findbugs/annotations/2.0.1/annotations-2.0.1.jar:/home/lgj/.m2/repository/dom4j/dom4j/1.6.1/dom4j-1.6.1.jar:/home/lgj/.m2/repository/xml-apis/xml-apis/1.4.01/xml-apis-1.4.01.jar:/home/lgj/.m2/repository/javax/annotation/javax.annotation-api/1.3.2/javax.annotation-api-1.3.2.jar:/home/lgj/.m2/repository/com/utils/serialization/1.0.0/serialization-1.0.0.jar:/home/lgj/.m2/repository/io/protostuff/protostuff-core/1.6.0/protostuff-core-1.6.0.jar:/home/lgj/.m2/repository/io/protostuff/protostuff-api/1.6.0/protostuff-api-1.6.0.jar:/home/lgj/.m2/repository/io/protostuff/protostuff-runtime/1.6.0/protostuff-runtime-1.6.0.jar:/home/lgj/.m2/repository/io/protostuff/protostuff-collectionschema/1.6.0/protostuff-collectionschema-1.6.0.jar:/home/lgj/.m2/repository/com/caucho/hessian/4.0.60/hessian-4.0.60.jar:/home/lgj/.m2/repository/com/alibaba/fastjson/1.2.56/fastjson-1.2.56.jar:/home/lgj/.m2/repository/javassist/javassist/3.11.0.GA/javassist-3.11.0.GA.jar:/home/lgj/.m2/repository/com/esotericsoftware/kryo/kryo/2.24.0/kryo-2.24.0.jar:/home/lgj/.m2/repository/com/esotericsoftware/minlog/minlog/1.2/minlog-1.2.jar:/home/lgj/.m2/repository/redis/clients/jedis/3.0.1/jedis-3.0.1.jar:/home/lgj/.m2/repository/org/apache/commons/commons-pool2/2.6.0/commons-pool2-2.6.0.jar:/home/lgj/.m2/repository/com/fasterxml/jackson/core/jackson-core/2.9.8/jackson-core-2.9.8.jar:/home/lgj/.m2/repository/com/fasterxml/jackson/core/jackson-databind/2.9.8/jackson-databind-2.9.8.jar:/home/lgj/.m2/repository/com/fasterxml/jackson/core/jackson-annotations/2.9.0/jackson-annotations-2.9.0.jar:"/>
    <property name="java.vm.vendor" value="Oracle Corporation"/>
    <property name="sun.arch.data.model" value="64"/>
    <property name="java.vendor.url" value="http://java.oracle.com/"/>
    <property name="user.timezone" value=""/>
    <property name="java.vm.specification.version" value="1.8"/>
    <property name="os.name" value="Linux"/>
    <property name="user.country" value="US"/>
    <property name="sun.java.launcher" value="SUN_STANDARD"/>
    <property name="sun.boot.library.path" value="/home/lgj/java/jdk1.8.0_191/jre/lib/amd64"/>
    <property name="sun.java.command" value="/home/lgj/aProject/aRealPrj/nz-rpc/rpc-integration/target/surefire/surefirebooter5857516188848445598.jar /home/lgj/aProject/aRealPrj/nz-rpc/rpc-integration/target/surefire 2019-04-25T21-55-25_284-jvmRun1 surefire414499711737901767tmp surefire_04470342374709590376tmp"/>
    <property name="surefire.test.class.path" value="/home/lgj/aProject/aRealPrj/nz-rpc/rpc-integration/target/test-classes:/home/lgj/aProject/aRealPrj/nz-rpc/rpc-integration/target/classes:/home/lgj/.m2/repository/org/springframework/boot/spring-boot-starter/2.1.2.RELEASE/spring-boot-starter-2.1.2.RELEASE.jar:/home/lgj/.m2/repository/org/springframework/boot/spring-boot/2.1.2.RELEASE/spring-boot-2.1.2.RELEASE.jar:/home/lgj/.m2/repository/org/springframework/spring-context/5.1.4.RELEASE/spring-context-5.1.4.RELEASE.jar:/home/lgj/.m2/repository/org/springframework/spring-aop/5.1.4.RELEASE/spring-aop-5.1.4.RELEASE.jar:/home/lgj/.m2/repository/org/springframework/spring-beans/5.1.4.RELEASE/spring-beans-5.1.4.RELEASE.jar:/home/lgj/.m2/repository/org/springframework/spring-expression/5.1.4.RELEASE/spring-expression-5.1.4.RELEASE.jar:/home/lgj/.m2/repository/org/springframework/boot/spring-boot-starter-logging/2.1.2.RELEASE/spring-boot-starter-logging-2.1.2.RELEASE.jar:/home/lgj/.m2/repository/ch/qos/logback/logback-classic/1.2.3/logback-classic-1.2.3.jar:/home/lgj/.m2/repository/ch/qos/logback/logback-core/1.2.3/logback-core-1.2.3.jar:/home/lgj/.m2/repository/org/apache/logging/log4j/log4j-to-slf4j/2.11.1/log4j-to-slf4j-2.11.1.jar:/home/lgj/.m2/repository/org/apache/logging/log4j/log4j-api/2.11.1/log4j-api-2.11.1.jar:/home/lgj/.m2/repository/org/slf4j/jul-to-slf4j/1.7.25/jul-to-slf4j-1.7.25.jar:/home/lgj/.m2/repository/org/springframework/spring-core/5.1.4.RELEASE/spring-core-5.1.4.RELEASE.jar:/home/lgj/.m2/repository/org/springframework/spring-jcl/5.1.4.RELEASE/spring-jcl-5.1.4.RELEASE.jar:/home/lgj/.m2/repository/org/yaml/snakeyaml/1.23/snakeyaml-1.23.jar:/home/lgj/.m2/repository/org/springframework/boot/spring-boot-starter-test/2.1.2.RELEASE/spring-boot-starter-test-2.1.2.RELEASE.jar:/home/lgj/.m2/repository/org/springframework/boot/spring-boot-test/2.1.2.RELEASE/spring-boot-test-2.1.2.RELEASE.jar:/home/lgj/.m2/repository/org/springframework/boot/spring-boot-test-autoconfigure/2.1.2.RELEASE/spring-boot-test-autoconfigure-2.1.2.RELEASE.jar:/home/lgj/.m2/repository/com/jayway/jsonpath/json-path/2.4.0/json-path-2.4.0.jar:/home/lgj/.m2/repository/net/minidev/json-smart/2.3/json-smart-2.3.jar:/home/lgj/.m2/repository/net/minidev/accessors-smart/1.2/accessors-smart-1.2.jar:/home/lgj/.m2/repository/org/ow2/asm/asm/5.0.4/asm-5.0.4.jar:/home/lgj/.m2/repository/junit/junit/4.12/junit-4.12.jar:/home/lgj/.m2/repository/org/assertj/assertj-core/3.11.1/assertj-core-3.11.1.jar:/home/lgj/.m2/repository/org/mockito/mockito-core/2.23.4/mockito-core-2.23.4.jar:/home/lgj/.m2/repository/net/bytebuddy/byte-buddy/1.9.7/byte-buddy-1.9.7.jar:/home/lgj/.m2/repository/net/bytebuddy/byte-buddy-agent/1.9.7/byte-buddy-agent-1.9.7.jar:/home/lgj/.m2/repository/org/hamcrest/hamcrest-core/1.3/hamcrest-core-1.3.jar:/home/lgj/.m2/repository/org/hamcrest/hamcrest-library/1.3/hamcrest-library-1.3.jar:/home/lgj/.m2/repository/org/skyscreamer/jsonassert/1.5.0/jsonassert-1.5.0.jar:/home/lgj/.m2/repository/com/vaadin/external/google/android-json/0.0.20131108.vaadin1/android-json-0.0.20131108.vaadin1.jar:/home/lgj/.m2/repository/org/springframework/spring-test/5.1.4.RELEASE/spring-test-5.1.4.RELEASE.jar:/home/lgj/.m2/repository/org/xmlunit/xmlunit-core/2.6.2/xmlunit-core-2.6.2.jar:/home/lgj/.m2/repository/org/springframework/boot/spring-boot-configuration-processor/2.1.2.RELEASE/spring-boot-configuration-processor-2.1.2.RELEASE.jar:/home/lgj/.m2/repository/org/springframework/boot/spring-boot-autoconfigure/2.1.2.RELEASE/spring-boot-autoconfigure-2.1.2.RELEASE.jar:/home/lgj/.m2/repository/io/netty/netty-all/4.1.34.Final/netty-all-4.1.34.Final.jar:/home/lgj/.m2/repository/org/projectlombok/lombok/1.18.4/lombok-1.18.4.jar:/home/lgj/.m2/repository/org/apache/curator/curator-recipes/4.1.0/curator-recipes-4.1.0.jar:/home/lgj/.m2/repository/org/apache/curator/curator-framework/4.1.0/curator-framework-4.1.0.jar:/home/lgj/.m2/repository/org/apache/curator/curator-client/4.1.0/curator-client-4.1.0.jar:/home/lgj/.m2/repository/com/github/sgroschupf/zkclient/0.1/zkclient-0.1.jar:/home/lgj/.m2/repository/log4j/log4j/1.2.14/log4j-1.2.14.jar:/home/lgj/.m2/repository/org/apache/zookeeper/zookeeper/3.4.6/zookeeper-3.4.6.jar:/home/lgj/.m2/repository/org/slf4j/slf4j-api/1.7.25/slf4j-api-1.7.25.jar:/home/lgj/.m2/repository/jline/jline/0.9.94/jline-0.9.94.jar:/home/lgj/.m2/repository/io/netty/netty/3.7.0.Final/netty-3.7.0.Final.jar:/home/lgj/.m2/repository/com/esotericsoftware/kryo-shaded/3.0.3/kryo-shaded-3.0.3.jar:/home/lgj/.m2/repository/com/esotericsoftware/minlog/1.3.0/minlog-1.3.0.jar:/home/lgj/.m2/repository/org/objenesis/objenesis/2.1/objenesis-2.1.jar:/home/lgj/.m2/repository/org/reflections/reflections/0.9.9-RC2/reflections-0.9.9-RC2.jar:/home/lgj/.m2/repository/com/google/guava/guava/15.0/guava-15.0.jar:/home/lgj/.m2/repository/org/javassist/javassist/3.18.2-GA/javassist-3.18.2-GA.jar:/home/lgj/.m2/repository/com/google/code/findbugs/annotations/2.0.1/annotations-2.0.1.jar:/home/lgj/.m2/repository/dom4j/dom4j/1.6.1/dom4j-1.6.1.jar:/home/lgj/.m2/repository/xml-apis/xml-apis/1.4.01/xml-apis-1.4.01.jar:/home/lgj/.m2/repository/javax/annotation/javax.annotation-api/1.3.2/javax.annotation-api-1.3.2.jar:/home/lgj/.m2/repository/com/utils/serialization/1.0.0/serialization-1.0.0.jar:/home/lgj/.m2/repository/io/protostuff/protostuff-core/1.6.0/protostuff-core-1.6.0.jar:/home/lgj/.m2/repository/io/protostuff/protostuff-api/1.6.0/protostuff-api-1.6.0.jar:/home/lgj/.m2/repository/io/protostuff/protostuff-runtime/1.6.0/protostuff-runtime-1.6.0.jar:/home/lgj/.m2/repository/io/protostuff/protostuff-collectionschema/1.6.0/protostuff-collectionschema-1.6.0.jar:/home/lgj/.m2/repository/com/caucho/hessian/4.0.60/hessian-4.0.60.jar:/home/lgj/.m2/repository/com/alibaba/fastjson/1.2.56/fastjson-1.2.56.jar:/home/lgj/.m2/repository/javassist/javassist/3.11.0.GA/javassist-3.11.0.GA.jar:/home/lgj/.m2/repository/com/esotericsoftware/kryo/kryo/2.24.0/kryo-2.24.0.jar:/home/lgj/.m2/repository/com/esotericsoftware/minlog/minlog/1.2/minlog-1.2.jar:/home/lgj/.m2/repository/redis/clients/jedis/3.0.1/jedis-3.0.1.jar:/home/lgj/.m2/repository/org/apache/commons/commons-pool2/2.6.0/commons-pool2-2.6.0.jar:/home/lgj/.m2/repository/com/fasterxml/jackson/core/jackson-core/2.9.8/jackson-core-2.9.8.jar:/home/lgj/.m2/repository/com/fasterxml/jackson/core/jackson-databind/2.9.8/jackson-databind-2.9.8.jar:/home/lgj/.m2/repository/com/fasterxml/jackson/core/jackson-annotations/2.9.0/jackson-annotations-2.9.0.jar:"/>
    <property name="sun.cpu.endian" value="little"/>
    <property name="user.home" value="/home/lgj"/>
    <property name="user.language" value="en"/>
    <property name="java.specification.vendor" value="Oracle Corporation"/>
    <property name="java.home" value="/home/lgj/java/jdk1.8.0_191/jre"/>
    <property name="basedir" value="/home/lgj/aProject/aRealPrj/nz-rpc/rpc-integration"/>
    <property name="file.separator" value="/"/>
    <property name="line.separator" value="&#10;"/>
    <property name="java.vm.specification.vendor" value="Oracle Corporation"/>
    <property name="java.specification.name" value="Java Platform API Specification"/>
    <property name="java.awt.graphicsenv" value="sun.awt.X11GraphicsEnvironment"/>
    <property name="surefire.real.class.path" value="/home/lgj/aProject/aRealPrj/nz-rpc/rpc-integration/target/surefire/surefirebooter5857516188848445598.jar"/>
    <property name="sun.boot.class.path" value="/home/lgj/java/jdk1.8.0_191/jre/lib/resources.jar:/home/lgj/java/jdk1.8.0_191/jre/lib/rt.jar:/home/lgj/java/jdk1.8.0_191/jre/lib/sunrsasign.jar:/home/lgj/java/jdk1.8.0_191/jre/lib/jsse.jar:/home/lgj/java/jdk1.8.0_191/jre/lib/jce.jar:/home/lgj/java/jdk1.8.0_191/jre/lib/charsets.jar:/home/lgj/java/jdk1.8.0_191/jre/lib/jfr.jar:/home/lgj/java/jdk1.8.0_191/jre/classes"/>
    <property name="sun.management.compiler" value="HotSpot 64-Bit Tiered Compilers"/>
    <property name="java.runtime.version" value="1.8.0_191-b12"/>
    <property name="user.name" value="lgj"/>
    <property name="path.separator" value=":"/>
    <property name="os.version" value="4.15.0-46-generic"/>
    <property name="java.endorsed.dirs" value="/home/lgj/java/jdk1.8.0_191/jre/lib/endorsed"/>
    <property name="java.runtime.name" value="Java(TM) SE Runtime Environment"/>
    <property name="file.encoding" value="ANSI_X3.4-1968"/>
    <property name="java.vm.name" value="Java HotSpot(TM) 64-Bit Server VM"/>
    <property name="localRepository" value="/home/lgj/.m2/repository"/>
    <property name="java.vendor.url.bug" value="http://bugreport.sun.com/bugreport/"/>
    <property name="java.io.tmpdir" value="/tmp"/>
    <property name="java.version" value="1.8.0_191"/>
    <property name="user.dir" value="/home/lgj/aProject/aRealPrj/nz-rpc/rpc-integration"/>
    <property name="os.arch" value="amd64"/>
    <property name="java.vm.specification.name" value="Java Virtual Machine Specification"/>
    <property name="java.awt.printerjob" value="sun.print.PSPrinterJob"/>
    <property name="sun.os.patch.level" value="unknown"/>
    <property name="java.library.path" value="/usr/java/packages/lib/amd64:/usr/lib64:/lib64:/lib:/usr/lib"/>
    <property name="java.vm.info" value="mixed mode"/>
    <property name="java.vendor" value="Oracle Corporation"/>
    <property name="java.vm.version" value="25.191-b12"/>
    <property name="java.ext.dirs" value="/home/lgj/java/jdk1.8.0_191/jre/lib/ext:/usr/java/packages/lib/ext"/>
    <property name="sun.io.unicode.encoding" value="UnicodeLittle"/>
    <property name="java.class.version" value="52.0"/>
  </properties>
  <testcase name="getUid" classname="com.nz.rpc.uid.ZkUidProducerTest" time="0.034"/>
  <testcase name="time" classname="com.nz.rpc.uid.ZkUidProducerTest" time="125.816"/>
</testsuite>